app/build/outputs/logs/manifest-merger-debug-report.txt
-- Merging decision tree log ---
manifest
ADDED from src\main\AndroidManifest.xml:2:1-25:12
INJECTED from src\main\AndroidManifest.xml:2:1-25:12
INJECTED from src\main\AndroidManifest.xml:2:1-25:12
INJECTED from src\main\AndroidManifest.xml:2:1-25:12
MERGED from [com.android.support:design:23.1.0] AndroidManifest.xml:17:1-24:12
MERGED from [com.android.support:appcompat-v7:23.1.0] AndroidManifest.xml:17:1-24:12
MERGED from [com.estimote:sdk:1.2.0] AndroidManifest.xml:2:1-14:12
MERGED from [com.android.support:recyclerview-v7:23.1.0] AndroidManifest.xml:17:1-22:12
MERGED from [com.android.support:support-v4:23.1.0] AndroidManifest.xml:17:1-24:12
MERGED from [com.estimote:mgmtsdk:1.2.0] AndroidManifest.xml:2:1-29:12
MERGED from [com.estimote:management-sdk:0.1.0] AndroidManifest.xml:2:1-14:12
MERGED from [com.estimote:cloud-plugin:0.1.0] AndroidManifest.xml:2:1-14:12
MERGED from [com.estimote:internal-plugins-api:0.1.0] AndroidManifest.xml:2:1-14:12
MERGED from [com.estimote:coresdk:1.2.0] AndroidManifest.xml:2:1-34:12
MERGED from [io.reactivex.rxjava2:rxandroid:2.0.1] AndroidManifest.xml:15:1-21:12
INJECTED from src\main\AndroidManifest.xml:2:1-25:12
INJECTED from src\main\AndroidManifest.xml:2:1-25:12
INJECTED from src\main\AndroidManifest.xml:2:1-25:12
	package
		ADDED from src\main\AndroidManifest.xml:3:5-40
		INJECTED from src\main\AndroidManifest.xml
		INJECTED from src\main\AndroidManifest.xml
	android:versionName
		INJECTED from src\main\AndroidManifest.xml
		ADDED from src\main\AndroidManifest.xml:2:1-25:12
		INJECTED from src\main\AndroidManifest.xml
	android:versionCode
		INJECTED from src\main\AndroidManifest.xml
		ADDED from src\main\AndroidManifest.xml:2:1-25:12
		INJECTED from src\main\AndroidManifest.xml
	xmlns:android
		ADDED from src\main\AndroidManifest.xml:2:11-69
uses-permission#android.permission.ACCESS_FINE_LOCATION
ADDED from src\main\AndroidManifest.xml:5:5-79
	android:name
		ADDED from src\main\AndroidManifest.xml:5:22-76
application
ADDED from src\main\AndroidManifest.xml:7:5-23:19
MERGED from [com.android.support:design:23.1.0] AndroidManifest.xml:22:5-20
MERGED from [com.android.support:design:23.1.0] AndroidManifest.xml:22:5-20
MERGED from [com.android.support:appcompat-v7:23.1.0] AndroidManifest.xml:22:5-20
MERGED from [com.android.support:appcompat-v7:23.1.0] AndroidManifest.xml:22:5-20
MERGED from [com.estimote:sdk:1.2.0] AndroidManifest.xml:11:5-12:19
MERGED from [com.estimote:sdk:1.2.0] AndroidManifest.xml:11:5-12:19
MERGED from [com.android.support:support-v4:23.1.0] AndroidManifest.xml:22:5-20
MERGED from [com.android.support:support-v4:23.1.0] AndroidManifest.xml:22:5-20
MERGED from [com.estimote:mgmtsdk:1.2.0] AndroidManifest.xml:22:5-27:19
MERGED from [com.estimote:mgmtsdk:1.2.0] AndroidManifest.xml:22:5-27:19
MERGED from [com.estimote:management-sdk:0.1.0] AndroidManifest.xml:11:5-12:19
MERGED from [com.estimote:management-sdk:0.1.0] AndroidManifest.xml:11:5-12:19
MERGED from [com.estimote:cloud-plugin:0.1.0] AndroidManifest.xml:11:5-12:19
MERGED from [com.estimote:cloud-plugin:0.1.0] AndroidManifest.xml:11:5-12:19
MERGED from [com.estimote:internal-plugins-api:0.1.0] AndroidManifest.xml:11:5-12:19
MERGED from [com.estimote:internal-plugins-api:0.1.0] AndroidManifest.xml:11:5-12:19
MERGED from [com.estimote:coresdk:1.2.0] AndroidManifest.xml:22:5-32:19
MERGED from [com.estimote:coresdk:1.2.0] AndroidManifest.xml:22:5-32:19
	android:screenOrientation
		ADDED from src\main\AndroidManifest.xml:8:9-45
	android:supportsRtl
		ADDED from src\main\AndroidManifest.xml:13:9-35
	android:label
		ADDED from src\main\AndroidManifest.xml:12:9-41
	android:icon
		ADDED from src\main\AndroidManifest.xml:11:9-43
	android:allowBackup
		ADDED from src\main\AndroidManifest.xml:10:9-35
	android:theme
		ADDED from src\main\AndroidManifest.xml:14:9-40
	android:name
		ADDED from src\main\AndroidManifest.xml:9:9-38
activity#com.estimote.notification.MainActivity
ADDED from src\main\AndroidManifest.xml:16:9-21:20
	android:name
		ADDED from src\main\AndroidManifest.xml:16:19-47
intent-filter#android.intent.action.MAIN+android.intent.category.LAUNCHER
ADDED from src\main\AndroidManifest.xml:17:13-20:29
action#android.intent.action.MAIN
ADDED from src\main\AndroidManifest.xml:18:17-69
	android:name
		ADDED from src\main\AndroidManifest.xml:18:25-66
category#android.intent.category.LAUNCHER
ADDED from src\main\AndroidManifest.xml:19:17-77
	android:name
		ADDED from src\main\AndroidManifest.xml:19:27-74
uses-sdk
INJECTED from src\main\AndroidManifest.xml reason: use-sdk injection requested
INJECTED from src\main\AndroidManifest.xml
INJECTED from src\main\AndroidManifest.xml
MERGED from [com.android.support:design:23.1.0] AndroidManifest.xml:20:5-43
MERGED from [com.android.support:design:23.1.0] AndroidManifest.xml:20:5-43
MERGED from [com.android.support:appcompat-v7:23.1.0] AndroidManifest.xml:20:5-43
MERGED from [com.android.support:appcompat-v7:23.1.0] AndroidManifest.xml:20:5-43
MERGED from [com.estimote:sdk:1.2.0] AndroidManifest.xml:7:5-9:41
MERGED from [com.estimote:sdk:1.2.0] AndroidManifest.xml:7:5-9:41
MERGED from [com.android.support:recyclerview-v7:23.1.0] AndroidManifest.xml:20:5-43
MERGED from [com.android.support:recyclerview-v7:23.1.0] AndroidManifest.xml:20:5-43
MERGED from [com.android.support:support-v4:23.1.0] AndroidManifest.xml:20:5-43
MERGED from [com.android.support:support-v4:23.1.0] AndroidManifest.xml:20:5-43
MERGED from [com.estimote:mgmtsdk:1.2.0] AndroidManifest.xml:7:5-43
MERGED from [com.estimote:mgmtsdk:1.2.0] AndroidManifest.xml:7:5-43
MERGED from [com.estimote:management-sdk:0.1.0] AndroidManifest.xml:7:5-9:41
MERGED from [com.estimote:management-sdk:0.1.0] AndroidManifest.xml:7:5-9:41
MERGED from [com.estimote:cloud-plugin:0.1.0] AndroidManifest.xml:7:5-9:41
MERGED from [com.estimote:cloud-plugin:0.1.0] AndroidManifest.xml:7:5-9:41
MERGED from [com.estimote:internal-plugins-api:0.1.0] AndroidManifest.xml:7:5-9:41
MERGED from [com.estimote:internal-plugins-api:0.1.0] AndroidManifest.xml:7:5-9:41
MERGED from [com.estimote:coresdk:1.2.0] AndroidManifest.xml:7:5-43
MERGED from [com.estimote:coresdk:1.2.0] AndroidManifest.xml:7:5-43
MERGED from [io.reactivex.rxjava2:rxandroid:2.0.1] AndroidManifest.xml:19:5-43
MERGED from [io.reactivex.rxjava2:rxandroid:2.0.1] AndroidManifest.xml:19:5-43
INJECTED from src\main\AndroidManifest.xml
INJECTED from src\main\AndroidManifest.xml
	android:targetSdkVersion
		INJECTED from src\main\AndroidManifest.xml
		ADDED from src\main\AndroidManifest.xml
		INJECTED from src\main\AndroidManifest.xml
	android:minSdkVersion
		INJECTED from src\main\AndroidManifest.xml
		ADDED from src\main\AndroidManifest.xml
		INJECTED from src\main\AndroidManifest.xml
uses-permission#android.permission.BLUETOOTH
ADDED from [com.estimote:mgmtsdk:1.2.0] AndroidManifest.xml:10:5-68
MERGED from [com.estimote:coresdk:1.2.0] AndroidManifest.xml:10:5-68
MERGED from [com.estimote:coresdk:1.2.0] AndroidManifest.xml:10:5-68
	android:name
		ADDED from [com.estimote:mgmtsdk:1.2.0] AndroidManifest.xml:10:22-65
uses-permission#android.permission.BLUETOOTH_ADMIN
ADDED from [com.estimote:mgmtsdk:1.2.0] AndroidManifest.xml:11:5-74
MERGED from [com.estimote:coresdk:1.2.0] AndroidManifest.xml:11:5-74
MERGED from [com.estimote:coresdk:1.2.0] AndroidManifest.xml:11:5-74
	android:name
		ADDED from [com.estimote:mgmtsdk:1.2.0] AndroidManifest.xml:11:22-71
uses-permission-sdk-23#android.permission.ACCESS_COARSE_LOCATION
ADDED from [com.estimote:mgmtsdk:1.2.0] AndroidManifest.xml:13:5-88
MERGED from [com.estimote:coresdk:1.2.0] AndroidManifest.xml:13:5-88
MERGED from [com.estimote:coresdk:1.2.0] AndroidManifest.xml:13:5-88
	android:name
		ADDED from [com.estimote:mgmtsdk:1.2.0] AndroidManifest.xml:13:29-85
uses-permission#android.permission.INTERNET
ADDED from [com.estimote:mgmtsdk:1.2.0] AndroidManifest.xml:15:5-67
MERGED from [com.estimote:coresdk:1.2.0] AndroidManifest.xml:15:5-67
MERGED from [com.estimote:coresdk:1.2.0] AndroidManifest.xml:15:5-67
	android:name
		ADDED from [com.estimote:mgmtsdk:1.2.0] AndroidManifest.xml:15:22-64
uses-permission#android.permission.ACCESS_NETWORK_STATE
ADDED from [com.estimote:mgmtsdk:1.2.0] AndroidManifest.xml:16:5-79
MERGED from [com.estimote:coresdk:1.2.0] AndroidManifest.xml:16:5-79
MERGED from [com.estimote:coresdk:1.2.0] AndroidManifest.xml:16:5-79
	android:name
		ADDED from [com.estimote:mgmtsdk:1.2.0] AndroidManifest.xml:16:22-76
uses-feature#android.hardware.bluetooth_le
ADDED from [com.estimote:mgmtsdk:1.2.0] AndroidManifest.xml:18:5-20:36
MERGED from [com.estimote:coresdk:1.2.0] AndroidManifest.xml:18:5-20:36
MERGED from [com.estimote:coresdk:1.2.0] AndroidManifest.xml:18:5-20:36
	android:required
		ADDED from [com.estimote:mgmtsdk:1.2.0] AndroidManifest.xml:20:9-33
	android:name
		ADDED from [com.estimote:mgmtsdk:1.2.0] AndroidManifest.xml:19:9-53
service#com.estimote.mgmtsdk.connection.strategy.DeviceConnectionProviderService
ADDED from [com.estimote:mgmtsdk:1.2.0] AndroidManifest.xml:23:9-25:40
	android:exported
		ADDED from [com.estimote:mgmtsdk:1.2.0] AndroidManifest.xml:25:13-37
	android:name
		ADDED from [com.estimote:mgmtsdk:1.2.0] AndroidManifest.xml:24:13-100
service#com.estimote.mgmtsdk.repackaged.dfu_v0_6_1.no.nordicsemi.android.dfu.DfuBaseService
ADDED from [com.estimote:mgmtsdk:1.2.0] AndroidManifest.xml:26:9-119
	android:name
		ADDED from [com.estimote:mgmtsdk:1.2.0] AndroidManifest.xml:26:18-116
service#com.estimote.coresdk.service.BeaconService
ADDED from [com.estimote:coresdk:1.2.0] AndroidManifest.xml:23:9-25:40
	android:exported
		ADDED from [com.estimote:coresdk:1.2.0] AndroidManifest.xml:25:13-37
	android:name
		ADDED from [com.estimote:coresdk:1.2.0] AndroidManifest.xml:24:13-70
activity#com.estimote.coresdk.common.requirements.DefaultRequirementsCheckerCallback$Activity
ADDED from [com.estimote:coresdk:1.2.0] AndroidManifest.xml:27:9-29:56
	android:theme
		ADDED from [com.estimote:coresdk:1.2.0] AndroidManifest.xml:29:13-53
	android:name
		ADDED from [com.estimote:coresdk:1.2.0] AndroidManifest.xml:28:13-112
receiver#com.estimote.coresdk.scanning.scheduling.SystemAlarmManager$AlarmBroadcastReceiver
ADDED from [com.estimote:coresdk:1.2.0] AndroidManifest.xml:31:9-119
	android:name
		ADDED from [com.estimote:coresdk:1.2.0] AndroidManifest.xml:31:19-116